Flow report for i2c_slave
Mon Apr 22 19:52:09 2019
Quartus II Version 9.0 Build 132 02/25/2009 SJ Full Version


---------------------
; Table of Contents ;
---------------------
  1. Legal Notice
  2. Flow Summary
  3. Flow Settings
  4. Flow Non-Default Global Settings
  5. Flow Elapsed Time
  6. Flow OS Summary
  7. Flow Log



----------------
; Legal Notice ;
----------------
Copyright (C) 1991-2009 Altera Corporation
Your use of Altera Corporation's design tools, logic functions 
and other software and tools, and its AMPP partner logic 
functions, and any output files from any of the foregoing 
(including device programming or simulation files), and any 
associated documentation or information are expressly subject 
to the terms and conditions of the Altera Program License 
Subscription Agreement, Altera MegaCore Function License 
Agreement, or other applicable license agreement, including, 
without limitation, that your use is for the sole purpose of 
programming logic devices manufactured by Altera and sold by 
Altera or its authorized distributors.  Please refer to the 
applicable agreement for further details.



+-------------------------------------------------------------------------------+
; Flow Summary                                                                  ;
+------------------------------------+------------------------------------------+
; Flow Status                        ; Successful - Mon Apr 22 19:52:09 2019    ;
; Quartus II Version                 ; 9.0 Build 132 02/25/2009 SJ Full Version ;
; Revision Name                      ; i2c_slave                                ;
; Top-level Entity Name              ; i2c                                      ;
; Family                             ; Cyclone II                               ;
; Device                             ; EP2C35F672C6                             ;
; Timing Models                      ; Final                                    ;
; Met timing requirements            ; Yes                                      ;
; Total logic elements               ; 103 / 33,216 ( < 1 % )                   ;
;     Total combinational functions  ; 87 / 33,216 ( < 1 % )                    ;
;     Dedicated logic registers      ; 70 / 33,216 ( < 1 % )                    ;
; Total registers                    ; 70                                       ;
; Total pins                         ; 31 / 475 ( 7 % )                         ;
; Total virtual pins                 ; 0                                        ;
; Total memory bits                  ; 0 / 483,840 ( 0 % )                      ;
; Embedded Multiplier 9-bit elements ; 0 / 70 ( 0 % )                           ;
; Total PLLs                         ; 0 / 4 ( 0 % )                            ;
+------------------------------------+------------------------------------------+


+-----------------------------------------+
; Flow Settings                           ;
+-------------------+---------------------+
; Option            ; Setting             ;
+-------------------+---------------------+
; Start date & time ; 04/22/2019 19:51:45 ;
; Main task         ; Compilation         ;
; Revision Name     ; i2c_slave           ;
+-------------------+---------------------+


+-----------------------------------------------------------------------------------------------------------------------------------+
; Flow Non-Default Global Settings                                                                                                  ;
+------------------------------------+-----------------------------------------------+---------------+-------------+----------------+
; Assignment Name                    ; Value                                         ; Default Value ; Entity Name ; Section Id     ;
+------------------------------------+-----------------------------------------------+---------------+-------------+----------------+
; COMPILER_SIGNATURE_ID              ; 110337781734891.155593390411820               ; --            ; --          ; --             ;
; MAX_CORE_JUNCTION_TEMP             ; 85                                            ; --            ; --          ; --             ;
; MIN_CORE_JUNCTION_TEMP             ; 0                                             ; --            ; --          ; --             ;
; MISC_FILE                          ; C:/Users/Dell/Desktop/i2c_slave/i2c_slave.dpf ; --            ; --          ; --             ;
; PARTITION_COLOR                    ; 16764057                                      ; --            ; i2c         ; Top            ;
; PARTITION_NETLIST_TYPE             ; SOURCE                                        ; --            ; i2c         ; Top            ;
; TOP_LEVEL_ENTITY                   ; i2c                                           ; i2c_slave     ; --          ; --             ;
; USE_GENERATED_PHYSICAL_CONSTRAINTS ; Off                                           ; --            ; --          ; eda_blast_fpga ;
+------------------------------------+-----------------------------------------------+---------------+-------------+----------------+


+-----------------------------------------------------------------------------------------------------------------------------+
; Flow Elapsed Time                                                                                                           ;
+-------------------------+--------------+-------------------------+---------------------+------------------------------------+
; Module Name             ; Elapsed Time ; Average Processors Used ; Peak Virtual Memory ; Total CPU Time (on all processors) ;
+-------------------------+--------------+-------------------------+---------------------+------------------------------------+
; Analysis & Synthesis    ; 00:00:05     ; 1.0                     ; 244 MB              ; 00:00:02                           ;
; Fitter                  ; 00:00:10     ; 1.0                     ; 330 MB              ; 00:00:10                           ;
; Assembler               ; 00:00:06     ; 1.0                     ; 286 MB              ; 00:00:06                           ;
; Classic Timing Analyzer ; 00:00:01     ; 1.0                     ; 193 MB              ; 00:00:00                           ;
; Total                   ; 00:00:22     ; --                      ; --                  ; 00:00:18                           ;
+-------------------------+--------------+-------------------------+---------------------+------------------------------------+


+------------------------------------------------------------------------------------------+
; Flow OS Summary                                                                          ;
+-------------------------+------------------+---------------+------------+----------------+
; Module Name             ; Machine Hostname ; OS Name       ; OS Version ; Processor type ;
+-------------------------+------------------+---------------+------------+----------------+
; Analysis & Synthesis    ; YuanJiacai       ; Windows Vista ; 6.2        ; x86_64         ;
; Fitter                  ; YuanJiacai       ; Windows Vista ; 6.2        ; x86_64         ;
; Assembler               ; YuanJiacai       ; Windows Vista ; 6.2        ; x86_64         ;
; Classic Timing Analyzer ; YuanJiacai       ; Windows Vista ; 6.2        ; x86_64         ;
+-------------------------+------------------+---------------+------------+----------------+


------------
; Flow Log ;
------------
quartus_map --read_settings_files=on --write_settings_files=off i2c_slave -c i2c_slave
quartus_fit --read_settings_files=off --write_settings_files=off i2c_slave -c i2c_slave
quartus_asm --read_settings_files=off --write_settings_files=off i2c_slave -c i2c_slave
quartus_tan --read_settings_files=off --write_settings_files=off i2c_slave -c i2c_slave --timing_analysis_only



